<?xml version="1.0" encoding="UTF-8"?>
<testng-results skipped="0" failed="0" ignored="0" total="1" passed="1">
  <reporter-output>
  </reporter-output>
  <suite name="Suite" duration-ms="12911" started-at="2022-09-27T10:50:19 IST" finished-at="2022-09-27T10:50:32 IST">
    <groups>
    </groups>
    <test name="ChromeTest" duration-ms="12911" started-at="2022-09-27T10:50:19 IST" finished-at="2022-09-27T10:50:32 IST">
      <class name="Pavan_PageObjectModel_TestCases.TC_LoginTest_001_Test">
        <test-method status="PASS" signature="setup(java.lang.String)[pri:0, instance:Pavan_PageObjectModel_TestCases.TC_LoginTest_001_Test@4c762604]" name="setup" is-config="true" duration-ms="2762" started-at="2022-09-27T10:50:19 IST" finished-at="2022-09-27T10:50:22 IST">
          <params>
            <param index="0">
              <value>
                <![CDATA[Chrome]]>
              </value>
            </param>
          </params>
          <reporter-output>
          </reporter-output>
        </test-method> <!-- setup -->
        <test-method status="PASS" signature="loginTest()[pri:0, instance:Pavan_PageObjectModel_TestCases.TC_LoginTest_001_Test@4c762604]" name="loginTest" duration-ms="9957" started-at="2022-09-27T10:50:22 IST" finished-at="2022-09-27T10:50:32 IST">
          <reporter-output>
          </reporter-output>
        </test-method> <!-- loginTest -->
        <test-method status="PASS" signature="tearDown()[pri:0, instance:Pavan_PageObjectModel_TestCases.TC_LoginTest_001_Test@4c762604]" name="tearDown" is-config="true" duration-ms="160" started-at="2022-09-27T10:50:32 IST" finished-at="2022-09-27T10:50:32 IST">
          <reporter-output>
          </reporter-output>
        </test-method> <!-- tearDown -->
      </class> <!-- Pavan_PageObjectModel_TestCases.TC_LoginTest_001_Test -->
    </test> <!-- ChromeTest -->
  </suite> <!-- Suite -->
</testng-results>
